<?xml version="1.0" encoding="utf-8"?><testsuites name="pytest tests"><testsuite name="pytest" errors="0" failures="0" skipped="0" tests="28" time="44.194" timestamp="2026-04-24T19:45:04.511809+00:00" hostname="agent-env-6c1f3cfa-50c0-4a15-a5a7-2b51c6ef3827"><testcase classname="backend.tests.test_refactor_phase2" name="test_variant_exact_bytes_and_content_type[qparams0]" time="4.410" /><testcase classname="backend.tests.test_refactor_phase2" name="test_variant_exact_bytes_and_content_type[qparams1]" time="0.464" /><testcase classname="backend.tests.test_refactor_phase2" name="test_variant_exact_bytes_and_content_type[qparams2]" time="0.465" /><testcase classname="backend.tests.test_refactor_phase2" name="test_variant_exact_bytes_and_content_type[qparams3]" time="1.406" /><testcase classname="backend.tests.test_refactor_phase2" name="test_variant_exact_bytes_and_content_type[qparams4]" time="0.678" /><testcase classname="backend.tests.test_refactor_phase2" name="test_fallback_to_original_never_500[w=3000-True]" time="3.701" /><testcase classname="backend.tests.test_refactor_phase2" name="test_fallback_to_original_never_500[w=99999-True]" time="3.718" /><testcase classname="backend.tests.test_refactor_phase2" name="test_fallback_to_original_never_500[format=webp-True]" time="2.427" /><testcase classname="backend.tests.test_refactor_phase2" name="test_fallback_to_original_never_500[w=-1-True]" time="2.018" /><testcase classname="backend.tests.test_refactor_phase2" name="test_fallback_to_original_never_500[format=bogus-True]" time="1.819" /><testcase classname="backend.tests.test_refactor_phase2" name="test_fallback_to_original_never_500[w=abc-False]" time="0.045" /><testcase classname="backend.tests.test_refactor_phase2" name="test_etag_distinct_across_variants" time="2.929" /><testcase classname="backend.tests.test_refactor_phase2" name="test_304_on_variant_same_etag" time="1.061" /><testcase classname="backend.tests.test_refactor_phase2" name="test_cross_etag_no_304" time="1.985" /><testcase classname="backend.tests.test_refactor_phase2" name="test_posters_image_accepts_w" time="0.328" /><testcase classname="backend.tests.test_refactor_phase2" name="test_books_cover_accepts_w" time="0.339" /><testcase classname="backend.tests.test_refactor_phase2" name="test_games_endpoints_accept_w" time="0.833" /><testcase classname="backend.tests.test_refactor_phase2" name="test_themes_bg_accepts_w" time="0.626" /><testcase classname="backend.tests.test_refactor_phase2" name="test_site_hero_and_logo_accept_w" time="0.306" /><testcase classname="backend.tests.test_refactor_phase2" name="test_draft_illustration_hides_variants" time="3.075" /><testcase classname="backend.tests.test_refactor_phase2" name="test_download_disabled_still_serves_images" time="2.461" /><testcase classname="backend.tests.test_refactor_phase2" name="test_original_integrity_preserved" time="1.310" /><testcase classname="backend.tests.test_refactor_phase2" name="test_variant_400_performance" time="0.947" /><testcase classname="backend.tests.test_refactor_phase2" name="test_phase1_regression_public_lists" time="0.870" /><testcase classname="backend.tests.test_refactor_phase2" name="test_phase1_etag_304_without_query" time="1.462" /><testcase classname="backend.tests.test_refactor_phase2" name="test_phase1_admin_login_required" time="0.054" /><testcase classname="backend.tests.test_phase2_db_metadata" name="test_variant_metadata_shape" time="1.316" /><testcase classname="backend.tests.test_phase2_db_metadata" name="test_no_orphan_variants" time="2.976" /></testsuite></testsuites>