<?xml version="1.0" encoding="utf-8"?><testsuites name="pytest tests"><testsuite name="pytest" errors="0" failures="0" skipped="1" tests="30" time="18.819" timestamp="2026-04-24T19:04:29.047314+00:00" hostname="agent-env-6c1f3cfa-50c0-4a15-a5a7-2b51c6ef3827"><testcase classname="backend.tests.test_refactor_phase1" name="test_public_json_endpoints_return_200[/api/illustrations]" time="0.355" /><testcase classname="backend.tests.test_refactor_phase1" name="test_public_json_endpoints_return_200[/api/posters]" time="0.158" /><testcase classname="backend.tests.test_refactor_phase1" name="test_public_json_endpoints_return_200[/api/bundles]" time="0.157" /><testcase classname="backend.tests.test_refactor_phase1" name="test_public_json_endpoints_return_200[/api/books]" time="0.157" /><testcase classname="backend.tests.test_refactor_phase1" name="test_public_json_endpoints_return_200[/api/games]" time="0.177" /><testcase classname="backend.tests.test_refactor_phase1" name="test_public_json_endpoints_return_200[/api/themes]" time="0.154" /><testcase classname="backend.tests.test_refactor_phase1" name="test_public_json_endpoints_return_200[/api/site-settings]" time="0.153" /><testcase classname="backend.tests.test_refactor_phase1" name="test_public_json_endpoints_return_200[/api/brand-kit]" time="0.054" /><testcase classname="backend.tests.test_refactor_phase1" name="test_public_json_endpoints_return_200[/api/reviews]" time="0.258" /><testcase classname="backend.tests.test_refactor_phase1" name="test_illustrations_has_target_and_is_published" time="0.255" /><testcase classname="backend.tests.test_refactor_phase1" name="test_illustration_image_serves_bytes_with_etag_and_cache" time="1.266" /><testcase classname="backend.tests.test_refactor_phase1" name="test_etag_304_not_modified_on_illustration_image" time="1.804" /><testcase classname="backend.tests.test_refactor_phase1" name="test_etag_304_on_second_image_endpoint" time="0.455"><skipped type="pytest.skip" message="No book with cover image available to validate ETag">/app/backend/tests/test_refactor_phase1.py:151: No book with cover image available to validate ETag</skipped></testcase><testcase classname="backend.tests.test_refactor_phase1" name="test_site_hero_and_brand_logo_headers" time="0.309" /><testcase classname="backend.tests.test_refactor_phase1" name="test_theme_background_image" time="0.510" /><testcase classname="backend.tests.test_refactor_phase1" name="test_download_pdf_target_illustration" time="0.689" /><testcase classname="backend.tests.test_refactor_phase1" name="test_download_nonexistent_illustration_returns_404" time="0.157" /><testcase classname="backend.tests.test_refactor_phase1" name="test_admin_login_valid" time="0.139" /><testcase classname="backend.tests.test_refactor_phase1" name="test_admin_login_invalid" time="0.173" /><testcase classname="backend.tests.test_refactor_phase1" name="test_admin_endpoints_require_auth[/api/admin/illustrations]" time="0.049" /><testcase classname="backend.tests.test_refactor_phase1" name="test_admin_endpoints_require_auth[/api/admin/posters]" time="0.049" /><testcase classname="backend.tests.test_refactor_phase1" name="test_admin_endpoints_require_auth[/api/admin/games]" time="0.054" /><testcase classname="backend.tests.test_refactor_phase1" name="test_admin_endpoints_require_auth[/api/admin/books]" time="0.051" /><testcase classname="backend.tests.test_refactor_phase1" name="test_admin_endpoints_with_token[/api/admin/illustrations]" time="0.310" /><testcase classname="backend.tests.test_refactor_phase1" name="test_admin_endpoints_with_token[/api/admin/posters]" time="0.156" /><testcase classname="backend.tests.test_refactor_phase1" name="test_admin_endpoints_with_token[/api/admin/games]" time="0.158" /><testcase classname="backend.tests.test_refactor_phase1" name="test_admin_endpoints_with_token[/api/admin/books]" time="0.151" /><testcase classname="backend.tests.test_refactor_phase1" name="test_draft_illustration_returns_404_on_all_paths" time="3.541" /><testcase classname="backend.tests.test_refactor_phase1" name="test_download_disabled_returns_403" time="3.621" /><testcase classname="backend.tests.test_refactor_phase1" name="test_mongodb_indexes_present" time="3.217" /></testsuite></testsuites>